<?xml version="1.0" encoding="UTF-8"?>
<!-- Generated by org.testng.reporters.JUnitReportReporter -->
<testsuite hostname="DESKTOP-M1LTF6H" failures="0" tests="1" name="testCases.TestCase002" time="368.546" errors="0" timestamp="2022-09-22T13:20:57 BDT" skipped="0">
  <testcase classname="testCases.TestCase002" name="loginTest" time="368.546"/>
  <system-out/>
</testsuite> <!-- testCases.TestCase002 -->
